<?xml version="1.0" encoding="UTF-8"?>
<testsuite xmlns:xsi="http://www.w3.org/2001/XMLSchema-instance" xsi:noNamespaceSchemaLocation="https://maven.apache.org/surefire/maven-surefire-plugin/xsd/surefire-test-report.xsd" name="revenuecalculator.CalculatorTest" time="0.02" tests="5" errors="0" skipped="0" failures="0">
  <properties>
[...]
</properties>
  <testcase name="calculate_revenue_for_500" classname="revenuecalculator.CalculatorTest" time="0.001"/>
  <testcase name="calculate_revenue_for_3250_25" classname="revenuecalculator.CalculatorTest" time="0"/>
  <testcase name="calculate_revenue_for_1000" classname="revenuecalculator.CalculatorTest" time="0.001"/>
  <testcase name="calculate_revenue_for_3000" classname="revenuecalculator.CalculatorTest" time="0.001"/>
  <testcase name="calculate_revenue_for_4000" classname="revenuecalculator.CalculatorTest" time="0.001"/>
</testsuite>